<?xml version="1.0" encoding="UTF-8"?>
<testng-results skipped="0" failed="0" total="2" passed="2">
  <reporter-output>
  </reporter-output>
  <suite name="Default suite" duration-ms="15054" started-at="2021-10-17T18:35:35Z" finished-at="2021-10-17T18:35:50Z">
    <groups>
    </groups>
    <test name="Default test" duration-ms="15054" started-at="2021-10-17T18:35:35Z" finished-at="2021-10-17T18:35:50Z">
      <class name="testScript.TestNGTestScript">
        <test-method status="PASS" signature="beforeTest()[pri:0, instance:testScript.TestNGTestScript@7f1302d6]" name="beforeTest" is-config="true" duration-ms="3194" started-at="2021-10-17T14:35:35Z" finished-at="2021-10-17T14:35:38Z">
          <reporter-output>
          </reporter-output>
        </test-method> <!-- beforeTest -->
        <test-method status="PASS" signature="beforeEachTest()[pri:0, instance:testScript.TestNGTestScript@7f1302d6]" name="beforeEachTest" is-config="true" duration-ms="122" started-at="2021-10-17T14:35:38Z" finished-at="2021-10-17T14:35:39Z">
          <reporter-output>
          </reporter-output>
        </test-method> <!-- beforeEachTest -->
        <test-method status="PASS" signature="positiveloginTest()[pri:0, instance:testScript.TestNGTestScript@7f1302d6]" name="positiveloginTest" duration-ms="4828" started-at="2021-10-17T14:35:39Z" finished-at="2021-10-17T14:35:43Z">
          <reporter-output>
          </reporter-output>
        </test-method> <!-- positiveloginTest -->
        <test-method status="PASS" signature="beforeEachTest()[pri:0, instance:testScript.TestNGTestScript@7f1302d6]" name="beforeEachTest" is-config="true" duration-ms="140" started-at="2021-10-17T14:35:43Z" finished-at="2021-10-17T14:35:44Z">
          <reporter-output>
          </reporter-output>
        </test-method> <!-- beforeEachTest -->
        <test-method status="PASS" signature="negativeloginTest()[pri:1, instance:testScript.TestNGTestScript@7f1302d6]" name="negativeloginTest" duration-ms="3474" started-at="2021-10-17T14:35:44Z" finished-at="2021-10-17T14:35:47Z">
          <reporter-output>
          </reporter-output>
        </test-method> <!-- negativeloginTest -->
        <test-method status="PASS" signature="afterTest()[pri:0, instance:testScript.TestNGTestScript@7f1302d6]" name="afterTest" is-config="true" duration-ms="3262" started-at="2021-10-17T14:35:47Z" finished-at="2021-10-17T14:35:50Z">
          <reporter-output>
          </reporter-output>
        </test-method> <!-- afterTest -->
      </class> <!-- testScript.TestNGTestScript -->
    </test> <!-- Default test -->
  </suite> <!-- Default suite -->
</testng-results>
