<?xml version="1.0" encoding="UTF-8"?>
<testng-results skipped="0" failed="1" total="5" passed="4">
  <reporter-output>
  </reporter-output>
  <suite name="Default suite" duration-ms="9538" started-at="2022-06-20T15:17:09Z" finished-at="2022-06-20T15:17:18Z">
    <groups>
    </groups>
    <test name="Default test" duration-ms="9538" started-at="2022-06-20T15:17:09Z" finished-at="2022-06-20T15:17:18Z">
      <class name="testpackage1.prioritytest">
        <test-method status="PASS" signature="beforetest()[pri:0, instance:testpackage1.prioritytest@43ee72e6]" name="beforetest" is-config="true" duration-ms="3240" started-at="2022-06-20T11:17:09Z" finished-at="2022-06-20T11:17:12Z">
          <reporter-output>
          </reporter-output>
        </test-method> <!-- beforetest -->
        <test-method status="PASS" signature="test()[pri:0, instance:testpackage1.prioritytest@43ee72e6]" name="test" duration-ms="132" started-at="2022-06-20T11:17:12Z" finished-at="2022-06-20T11:17:12Z">
          <reporter-output>
          </reporter-output>
        </test-method> <!-- test -->
        <test-method status="PASS" signature="email()[pri:1, instance:testpackage1.prioritytest@43ee72e6]" name="email" duration-ms="127" started-at="2022-06-20T11:17:12Z" finished-at="2022-06-20T11:17:12Z">
          <reporter-output>
          </reporter-output>
        </test-method> <!-- email -->
        <test-method status="PASS" signature="password()[pri:2, instance:testpackage1.prioritytest@43ee72e6]" name="password" duration-ms="106" started-at="2022-06-20T11:17:12Z" finished-at="2022-06-20T11:17:13Z">
          <reporter-output>
          </reporter-output>
        </test-method> <!-- password -->
        <test-method status="PASS" signature="dateofbirth()[pri:3, instance:testpackage1.prioritytest@43ee72e6]" name="dateofbirth" duration-ms="53" started-at="2022-06-20T11:17:13Z" finished-at="2022-06-20T11:17:13Z">
          <reporter-output>
          </reporter-output>
        </test-method> <!-- dateofbirth -->
        <test-method status="FAIL" signature="loginBtn()[pri:4, instance:testpackage1.prioritytest@43ee72e6]" name="loginBtn" duration-ms="5841" started-at="2022-06-20T11:17:13Z" finished-at="2022-06-20T11:17:18Z">
          <exception class="java.lang.NullPointerException">
            <full-stacktrace>
              <![CDATA[java.lang.NullPointerException
	at testpackage1.prioritytest.loginBtn(prioritytest.java:104)
	at sun.reflect.NativeMethodAccessorImpl.invoke0(Native Method)
	at sun.reflect.NativeMethodAccessorImpl.invoke(Unknown Source)
	at sun.reflect.DelegatingMethodAccessorImpl.invoke(Unknown Source)
	at java.lang.reflect.Method.invoke(Unknown Source)
	at org.testng.internal.MethodInvocationHelper.invokeMethod(MethodInvocationHelper.java:85)
	at org.testng.internal.Invoker.invokeMethod(Invoker.java:639)
	at org.testng.internal.Invoker.invokeTestMethod(Invoker.java:816)
	at org.testng.internal.Invoker.invokeTestMethods(Invoker.java:1124)
	at org.testng.internal.TestMethodWorker.invokeTestMethods(TestMethodWorker.java:125)
	at org.testng.internal.TestMethodWorker.run(TestMethodWorker.java:108)
	at org.testng.TestRunner.privateRun(TestRunner.java:774)
	at org.testng.TestRunner.run(TestRunner.java:624)
	at org.testng.SuiteRunner.runTest(SuiteRunner.java:359)
	at org.testng.SuiteRunner.runSequentially(SuiteRunner.java:354)
	at org.testng.SuiteRunner.privateRun(SuiteRunner.java:312)
	at org.testng.SuiteRunner.run(SuiteRunner.java:261)
	at org.testng.SuiteRunnerWorker.runSuite(SuiteRunnerWorker.java:52)
	at org.testng.SuiteRunnerWorker.run(SuiteRunnerWorker.java:86)
	at org.testng.TestNG.runSuitesSequentially(TestNG.java:1215)
	at org.testng.TestNG.runSuitesLocally(TestNG.java:1140)
	at org.testng.TestNG.run(TestNG.java:1048)
	at org.testng.remote.AbstractRemoteTestNG.run(AbstractRemoteTestNG.java:115)
	at org.testng.remote.RemoteTestNG.initAndRun(RemoteTestNG.java:251)
	at org.testng.remote.RemoteTestNG.main(RemoteTestNG.java:77)
]]>
            </full-stacktrace>
          </exception> <!-- java.lang.NullPointerException -->
          <reporter-output>
          </reporter-output>
        </test-method> <!-- loginBtn -->
        <test-method status="PASS" signature="aftertest()[pri:0, instance:testpackage1.prioritytest@43ee72e6]" name="aftertest" is-config="true" duration-ms="2" started-at="2022-06-20T11:17:18Z" finished-at="2022-06-20T11:17:18Z">
          <reporter-output>
          </reporter-output>
        </test-method> <!-- aftertest -->
      </class> <!-- testpackage1.prioritytest -->
    </test> <!-- Default test -->
  </suite> <!-- Default suite -->
</testng-results>
